<?xml version="1.0" encoding="UTF-8"?>
<testsuite xmlns:xsi="http://www.w3.org/2001/XMLSchema-instance" xsi:noNamespaceSchemaLocation="https://maven.apache.org/surefire/maven-surefire-plugin/xsd/surefire-test-report.xsd" name="org.examarly.LoginMainPage" time="28.167" tests="1" errors="0" skipped="0" failures="1">
  <properties>
[...]
</properties>
  <testcase name="FillForm" classname="org.examarly.LoginMainPage" time="15.923">
    <failure message="An element could not be located on the page using the given search parameters.&#10;For documentation on this error, please visit: https://selenium.dev/exceptions/#no_such_element&#10;Build info: version: &apos;4.5.3&apos;, revision: &apos;4b786a1e430&apos;&#10;System info: os.name: &apos;Mac OS X&apos;, os.arch: &apos;aarch64&apos;, os.version: &apos;12.6&apos;, java.version: &apos;11.0.16.1&apos;&#10;Driver info: io.appium.java_client.android.AndroidDriver&#10;Command: [9f117396-a125-4c2c-8012-3dff13e8aaf6, findElement {using=xpath, value=//android.widget.EditText[@text=&apos;Name&apos;]}]&#10;Capabilities {appium:app: /Users/kishore/Downloads/ex..., appium:appPackage: com.elearning.examarly, appium:automationName: uiautomator2, appium:databaseEnabled: false, appium:desired: {app: /Users/kishore/Downloads/ex..., automationName: uiautomator2, deviceName: emulator-5554, platformName: android}, appium:deviceApiLevel: 30, appium:deviceManufacturer: Google, appium:deviceModel: sdk_gphone_arm64, appium:deviceName: emulator-5554, appium:deviceScreenDensity: 560, appium:deviceScreenSize: 1440x2880, appium:deviceUDID: emulator-5554, appium:javascriptEnabled: true, appium:locationContextEnabled: false, appium:networkConnectionEnabled: true, appium:pixelRatio: 3.5, appium:platformVersion: 11, appium:statBarHeight: 84, appium:takesScreenshot: true, appium:viewportRect: {height: 2628, left: 0, top: 84, width: 1440}, appium:warnings: {}, appium:webStorageEnabled: false, platformName: ANDROID}&#10;Session ID: 9f117396-a125-4c2c-8012-3dff13e8aaf6" type="org.openqa.selenium.NoSuchElementException">org.openqa.selenium.NoSuchElementException: 
An element could not be located on the page using the given search parameters.
For documentation on this error, please visit: https://selenium.dev/exceptions/#no_such_element
Build info: version: '4.5.3', revision: '4b786a1e430'
System info: os.name: 'Mac OS X', os.arch: 'aarch64', os.version: '12.6', java.version: '11.0.16.1'
Driver info: io.appium.java_client.android.AndroidDriver
Command: [9f117396-a125-4c2c-8012-3dff13e8aaf6, findElement {using=xpath, value=//android.widget.EditText[@text='Name']}]
Capabilities {appium:app: /Users/kishore/Downloads/ex..., appium:appPackage: com.elearning.examarly, appium:automationName: uiautomator2, appium:databaseEnabled: false, appium:desired: {app: /Users/kishore/Downloads/ex..., automationName: uiautomator2, deviceName: emulator-5554, platformName: android}, appium:deviceApiLevel: 30, appium:deviceManufacturer: Google, appium:deviceModel: sdk_gphone_arm64, appium:deviceName: emulator-5554, appium:deviceScreenDensity: 560, appium:deviceScreenSize: 1440x2880, appium:deviceUDID: emulator-5554, appium:javascriptEnabled: true, appium:locationContextEnabled: false, appium:networkConnectionEnabled: true, appium:pixelRatio: 3.5, appium:platformVersion: 11, appium:statBarHeight: 84, appium:takesScreenshot: true, appium:viewportRect: {height: 2628, left: 0, top: 84, width: 1440}, appium:warnings: {}, appium:webStorageEnabled: false, platformName: ANDROID}
Session ID: 9f117396-a125-4c2c-8012-3dff13e8aaf6
	at org.examarly.LoginMainPage.FillForm(LoginMainPage.java:55)
</failure>
    <system-err><![CDATA[SLF4J: Failed to load class "org.slf4j.impl.StaticLoggerBinder".
SLF4J: Defaulting to no-operation (NOP) logger implementation
SLF4J: See http://www.slf4j.org/codes.html#StaticLoggerBinder for further details.
]]></system-err>
  </testcase>
</testsuite>