<?xml version="1.0" encoding="UTF-8"?>
<testng-results ignored="0" total="1" passed="1" failed="0" skipped="0">
  <reporter-output>
  </reporter-output>
  <suite started-at="2022-10-25T11:54:00 IST" name="Default suite" finished-at="2022-10-25T11:54:52 IST" duration-ms="52354">
    <groups>
    </groups>
    <test started-at="2022-10-25T11:54:00 IST" name="Default test" finished-at="2022-10-25T11:54:52 IST" duration-ms="52354">
      <class name="org.examarly.LoginMainPage">
        <test-method is-config="true" signature="setup()[pri:0, instance:org.examarly.LoginMainPage@36916eb0]" started-at="2022-10-25T11:54:00 IST" name="setup" finished-at="2022-10-25T11:54:11 IST" duration-ms="11864" status="PASS">
          <reporter-output>
          </reporter-output>
        </test-method> <!-- setup -->
        <test-method signature="FillForm()[pri:0, instance:org.examarly.LoginMainPage@36916eb0]" started-at="2022-10-25T11:54:11 IST" name="FillForm" finished-at="2022-10-25T11:54:52 IST" duration-ms="40457" status="PASS">
          <reporter-output>
          </reporter-output>
        </test-method> <!-- FillForm -->
      </class> <!-- org.examarly.LoginMainPage -->
    </test> <!-- Default test -->
  </suite> <!-- Default suite -->
</testng-results>
